<?xml version="1.0" encoding="utf-8" standalone="no"?>
<!--This file represents the results of running a test suite-->
<test-results name="C:\Users\Cho Nhia\Desktop\Duy\datetimechecker-master\DateChecker\bin\Debug\DateChecker.exe" total="43" errors="0" failures="0" not-run="0" inconclusive="0" ignored="0" skipped="0" invalid="0" date="2018-11-15" time="08:26:04">
  <environment nunit-version="2.7.0.0" clr-version="2.0.50727.8669" os-version="Microsoft Windows NT 6.2.9200.0" platform="Win32NT" cwd="C:\Program Files (x86)\NUnit 2.7.0\bin" machine-name="DESKTOP-H4CQN61" user="Cho Nhia" user-domain="DESKTOP-H4CQN61" />
  <culture-info current-culture="en-US" current-uiculture="en-US" />
  <test-suite type="Assembly" name="C:\Users\Cho Nhia\Desktop\Duy\datetimechecker-master\DateChecker\bin\Debug\DateChecker.exe" executed="True" result="Success" success="True" time="7.083" asserts="0">
    <results>
      <test-suite type="Namespace" name="DateChecker" executed="True" result="Success" success="True" time="7.075" asserts="0">
        <results>
          <test-suite type="TestFixture" name="DateTest" executed="True" result="Success" success="True" time="7.074" asserts="0">
            <results>
              <test-case name="DateChecker.DateTest.DaysIsMonth_UT01" executed="True" result="Success" success="True" time="0.019" asserts="1" />
              <test-case name="DateChecker.DateTest.DaysIsMonth_UT02" executed="True" result="Success" success="True" time="0.001" asserts="1" />
              <test-case name="DateChecker.DateTest.DaysIsMonth_UT03" executed="True" result="Success" success="True" time="0.000" asserts="1" />
              <test-case name="DateChecker.DateTest.DaysIsMonth_UT04" executed="True" result="Success" success="True" time="0.000" asserts="1" />
              <test-case name="DateChecker.DateTest.IsDay_UTC01" executed="True" result="Success" success="True" time="0.004" asserts="1" />
              <test-case name="DateChecker.DateTest.IsDay_UTC02" executed="True" result="Success" success="True" time="0.002" asserts="1" />
              <test-case name="DateChecker.DateTest.IsDay_UTC03" executed="True" result="Success" success="True" time="0.001" asserts="1" />
              <test-case name="DateChecker.DateTest.IsDay_UTC04" executed="True" result="Success" success="True" time="2.849" asserts="1" />
              <test-case name="DateChecker.DateTest.IsDay_UTC05" executed="True" result="Success" success="True" time="0.227" asserts="1" />
              <test-case name="DateChecker.DateTest.IsDay_UTC06" executed="True" result="Success" success="True" time="0.171" asserts="1" />
              <test-case name="DateChecker.DateTest.IsDay_UTC07" executed="True" result="Success" success="True" time="0.165" asserts="1" />
              <test-case name="DateChecker.DateTest.IsDay_UTC08" executed="True" result="Success" success="True" time="0.156" asserts="1" />
              <test-case name="DateChecker.DateTest.IsDay_UTC09" executed="True" result="Success" success="True" time="0.164" asserts="1" />
              <test-case name="DateChecker.DateTest.IsDay_UTC10" executed="True" result="Success" success="True" time="0.173" asserts="1" />
              <test-case name="DateChecker.DateTest.IsLeapYear_UTC01" executed="True" result="Success" success="True" time="0.001" asserts="1" />
              <test-case name="DateChecker.DateTest.IsLeapYear_UTC02" executed="True" result="Success" success="True" time="0.000" asserts="1" />
              <test-case name="DateChecker.DateTest.IsMonth_UTC01" executed="True" result="Success" success="True" time="0.001" asserts="1" />
              <test-case name="DateChecker.DateTest.IsMonth_UTC02" executed="True" result="Success" success="True" time="0.000" asserts="1" />
              <test-case name="DateChecker.DateTest.IsMonth_UTC03" executed="True" result="Success" success="True" time="0.000" asserts="1" />
              <test-case name="DateChecker.DateTest.IsMonth_UTC04" executed="True" result="Success" success="True" time="0.309" asserts="1" />
              <test-case name="DateChecker.DateTest.IsMonth_UTC05" executed="True" result="Success" success="True" time="0.172" asserts="1" />
              <test-case name="DateChecker.DateTest.IsMonth_UTC06" executed="True" result="Success" success="True" time="0.156" asserts="1" />
              <test-case name="DateChecker.DateTest.IsMonth_UTC07" executed="True" result="Success" success="True" time="0.156" asserts="1" />
              <test-case name="DateChecker.DateTest.IsMonth_UTC08" executed="True" result="Success" success="True" time="0.173" asserts="1" />
              <test-case name="DateChecker.DateTest.IsMonth_UTC09" executed="True" result="Success" success="True" time="0.171" asserts="1" />
              <test-case name="DateChecker.DateTest.IsMonth_UTC10" executed="True" result="Success" success="True" time="0.190" asserts="1" />
              <test-case name="DateChecker.DateTest.IsValidDay_UCT01" executed="True" result="Success" success="True" time="0.001" asserts="1" />
              <test-case name="DateChecker.DateTest.IsValidDay_UCT02" executed="True" result="Success" success="True" time="0.000" asserts="1" />
              <test-case name="DateChecker.DateTest.IsValidDay_UCT03" executed="True" result="Success" success="True" time="0.000" asserts="1" />
              <test-case name="DateChecker.DateTest.IsValidDay_UCT04" executed="True" result="Success" success="True" time="0.000" asserts="1" />
              <test-case name="DateChecker.DateTest.IsValidDay_UCT05" executed="True" result="Success" success="True" time="0.001" asserts="1" />
              <test-case name="DateChecker.DateTest.IsValidDay_UCT06" executed="True" result="Success" success="True" time="0.000" asserts="1" />
              <test-case name="DateChecker.DateTest.IsYear_UTC01" executed="True" result="Success" success="True" time="0.001" asserts="1" />
              <test-case name="DateChecker.DateTest.IsYear_UTC02" executed="True" result="Success" success="True" time="0.000" asserts="1" />
              <test-case name="DateChecker.DateTest.IsYear_UTC03" executed="True" result="Success" success="True" time="0.000" asserts="1" />
              <test-case name="DateChecker.DateTest.IsYear_UTC04" executed="True" result="Success" success="True" time="0.137" asserts="1" />
              <test-case name="DateChecker.DateTest.IsYear_UTC05" executed="True" result="Success" success="True" time="0.170" asserts="1" />
              <test-case name="DateChecker.DateTest.IsYear_UTC06" executed="True" result="Success" success="True" time="0.173" asserts="1" />
              <test-case name="DateChecker.DateTest.IsYear_UTC07" executed="True" result="Success" success="True" time="0.182" asserts="1" />
              <test-case name="DateChecker.DateTest.IsYear_UTC08" executed="True" result="Success" success="True" time="0.162" asserts="1" />
              <test-case name="DateChecker.DateTest.IsYear_UTC09" executed="True" result="Success" success="True" time="0.171" asserts="1" />
              <test-case name="DateChecker.DateTest.IsYear_UTC10" executed="True" result="Success" success="True" time="0.179" asserts="1" />
              <test-case name="DateChecker.DateTest.IsYear_UTC11" executed="True" result="Success" success="True" time="0.221" asserts="1" />
            </results>
          </test-suite>
        </results>
      </test-suite>
    </results>
  </test-suite>
</test-results>